app/build/intermediates/manifest_merge_blame_file/debug/manifest-merger-blame-debug-report.txt
1<?xml version="1.0" encoding="utf-8"?>
2<manifest xmlns:android="http://schemas.android.com/apk/res/android"
3    package="com.techbatu"
4    android:versionCode="2"
5    android:versionName="2.0" >
6
7    <uses-sdk
8        android:minSdkVersion="23"
8-->src\main\AndroidManifest.xml
9        android:targetSdkVersion="28" />
9-->src\main\AndroidManifest.xml
10
11    <uses-permission android:name="android.permission.SEND_SMS" />
11-->src\main\AndroidManifest.xml:6:5-67
11-->src\main\AndroidManifest.xml:6:22-64
12    <uses-permission android:name="android.permission.WRITE_EXTERNAL_STORAGE" />
12-->src\main\AndroidManifest.xml:7:5-81
12-->src\main\AndroidManifest.xml:7:22-78
13    <uses-permission android:name="android.permission.INTERNET" />
13-->src\main\AndroidManifest.xml:8:5-67
13-->src\main\AndroidManifest.xml:8:22-64
14    <uses-permission android:name="android.permission.ACCESS_NETWORK_STATE" />
14-->src\main\AndroidManifest.xml:9:5-79
14-->src\main\AndroidManifest.xml:9:22-76
15    <uses-permission android:name="android.permission.READ_EXTERNAL_STORAGE" />
15-->src\main\AndroidManifest.xml:10:5-80
15-->src\main\AndroidManifest.xml:10:22-77
16    <uses-permission android:name="android.permission.WAKE_LOCK" />
16-->[com.google.android.gms:play-services-measurement-sdk-api:16.0.4] AndroidManifest.xml:25:5-68
16-->[com.google.android.gms:play-services-measurement-sdk-api:16.0.4] AndroidManifest.xml:25:22-65
17
18    <application
18-->src\main\AndroidManifest.xml:12:5-76:19
19        android:allowBackup="true"
19-->src\main\AndroidManifest.xml:13:9-35
20        android:appComponentFactory="android.support.v4.app.CoreComponentFactory"
20-->[com.android.support:support-compat:28.0.0] AndroidManifest.xml:22:18-91
21        android:debuggable="true"
22        android:icon="@mipmap/ic_launcher"
22-->src\main\AndroidManifest.xml:14:9-43
23        android:label="@string/app_name"
23-->src\main\AndroidManifest.xml:15:9-41
24        android:roundIcon="@mipmap/ic_launcher_round"
24-->src\main\AndroidManifest.xml:16:9-54
25        android:supportsRtl="true"
25-->src\main\AndroidManifest.xml:17:9-35
26        android:theme="@style/AppTheme" >
26-->src\main\AndroidManifest.xml:18:9-40
27        <activity
27-->src\main\AndroidManifest.xml:20:9-28:20
28            android:name="com.techbatu.MainActivity"
28-->src\main\AndroidManifest.xml:21:13-41
29            android:screenOrientation="portrait" >
29-->src\main\AndroidManifest.xml:22:13-49
30            <intent-filter>
30-->src\main\AndroidManifest.xml:23:13-27:29
31                <action android:name="android.intent.action.MAIN" />
31-->src\main\AndroidManifest.xml:24:17-69
31-->src\main\AndroidManifest.xml:24:25-66
32
33                <category android:name="android.intent.category.LAUNCHER" />
33-->src\main\AndroidManifest.xml:26:17-77
33-->src\main\AndroidManifest.xml:26:27-74
34            </intent-filter>
35        </activity>
36        <activity
36-->src\main\AndroidManifest.xml:29:9-31:59
37            android:name="com.theartofdev.edmodo.cropper.CropImageActivity"
37-->src\main\AndroidManifest.xml:30:13-76
38            android:theme="@style/Base.Theme.AppCompat" />
38-->src\main\AndroidManifest.xml:31:13-56
39        <activity
39-->src\main\AndroidManifest.xml:32:9-34:55
40            android:name="com.techbatu.StudentOptions"
40-->src\main\AndroidManifest.xml:33:13-43
41            android:parentActivityName="com.techbatu.Dashboard" />
41-->src\main\AndroidManifest.xml:34:13-52
42        <activity android:name="com.techbatu.Dashboard" />
42-->src\main\AndroidManifest.xml:35:9-47
42-->src\main\AndroidManifest.xml:35:19-44
43        <activity android:name="com.techbatu.Admin" />
43-->src\main\AndroidManifest.xml:36:9-43
43-->src\main\AndroidManifest.xml:36:19-40
44        <activity
44-->src\main\AndroidManifest.xml:37:9-39:55
45            android:name="com.techbatu.Syllabus"
45-->src\main\AndroidManifest.xml:38:13-37
46            android:parentActivityName="com.techbatu.Dashboard" />
46-->src\main\AndroidManifest.xml:39:13-52
47        <activity
47-->src\main\AndroidManifest.xml:40:9-42:55
48            android:name="com.techbatu.viewSyllabus"
48-->src\main\AndroidManifest.xml:41:13-41
49            android:parentActivityName="com.techbatu.Dashboard" />
49-->src\main\AndroidManifest.xml:42:13-52
50        <activity
50-->src\main\AndroidManifest.xml:43:9-45:55
51            android:name="com.techbatu.LoginPage"
51-->src\main\AndroidManifest.xml:44:13-38
52            android:parentActivityName="com.techbatu.Dashboard" />
52-->src\main\AndroidManifest.xml:45:13-52
53        <activity android:name="com.techbatu.ViewSyllabusDeptwise" />
53-->src\main\AndroidManifest.xml:46:9-58
53-->src\main\AndroidManifest.xml:46:19-55
54        <activity
54-->src\main\AndroidManifest.xml:47:9-49:55
55            android:name="com.techbatu.SignUp"
55-->src\main\AndroidManifest.xml:48:13-35
56            android:parentActivityName="com.techbatu.LoginPage" />
56-->src\main\AndroidManifest.xml:49:13-52
57        <activity
57-->src\main\AndroidManifest.xml:50:9-52:55
58            android:name="com.techbatu.timeline.GetDetails"
58-->src\main\AndroidManifest.xml:51:13-48
59            android:parentActivityName="com.techbatu.LoginPage" />
59-->src\main\AndroidManifest.xml:52:13-52
60        <activity
60-->src\main\AndroidManifest.xml:53:9-56:52
61            android:name="com.techbatu.timeline.NewPost"
61-->src\main\AndroidManifest.xml:54:13-45
62            android:parentActivityName="com.techbatu.timeline.NewsFeed"
62-->src\main\AndroidManifest.xml:55:13-60
63            android:screenOrientation="portrait" />
63-->src\main\AndroidManifest.xml:56:13-49
64        <activity
64-->src\main\AndroidManifest.xml:57:9-60:52
65            android:name="com.techbatu.timeline.NewsFeed"
65-->src\main\AndroidManifest.xml:58:13-46
66            android:parentActivityName="com.techbatu.timeline.NewsFeed"
66-->src\main\AndroidManifest.xml:59:13-60
67            android:screenOrientation="portrait" />
67-->src\main\AndroidManifest.xml:60:13-49
68        <activity android:name="com.techbatu.FormFilling" />
68-->src\main\AndroidManifest.xml:61:9-49
68-->src\main\AndroidManifest.xml:61:19-46
69
70        <meta-data
70-->src\main\AndroidManifest.xml:63:9-65:70
71            android:name="com.google.android.gms.ads.APPLICATION_ID"
71-->src\main\AndroidManifest.xml:64:13-69
72            android:value="ca-app-pub-8579970963670342~2634189437" />
72-->src\main\AndroidManifest.xml:65:13-67
73
74        <activity android:name="com.techbatu.timeline.ViewPost" />
74-->src\main\AndroidManifest.xml:67:9-55
74-->src\main\AndroidManifest.xml:67:19-52
75        <activity
75-->src\main\AndroidManifest.xml:68:9-70:63
76            android:name="com.techbatu.timeline.ProfilePage"
76-->src\main\AndroidManifest.xml:69:13-49
77            android:parentActivityName="com.techbatu.timeline.NewsFeed" />
77-->src\main\AndroidManifest.xml:70:13-60
78        <activity android:name="com.techbatu.WebsiteCollege" />
78-->src\main\AndroidManifest.xml:71:9-52
78-->src\main\AndroidManifest.xml:71:19-49
79        <activity android:name="com.techbatu.Evaluation" />
79-->src\main\AndroidManifest.xml:72:9-48
79-->src\main\AndroidManifest.xml:72:19-45
80        <activity android:name="com.techbatu.timeline.NewQuestion" />
80-->src\main\AndroidManifest.xml:73:9-58
80-->src\main\AndroidManifest.xml:73:19-55
81        <activity android:name="com.techbatu.timeline.AddAnswers" />
81-->src\main\AndroidManifest.xml:74:9-57
81-->src\main\AndroidManifest.xml:74:19-54
82        <activity android:name="com.techbatu.timeline.ViewFullAnswer" />
82-->src\main\AndroidManifest.xml:75:9-70
82-->src\main\AndroidManifest.xml:75:19-58
83        <activity
83-->[com.google.firebase:firebase-auth:16.1.0] AndroidManifest.xml:24:9-31:50
84            android:name="com.google.firebase.auth.internal.FederatedSignInActivity"
84-->[com.google.firebase:firebase-auth:16.1.0] AndroidManifest.xml:25:13-85
85            android:excludeFromRecents="true"
85-->[com.google.firebase:firebase-auth:16.1.0] AndroidManifest.xml:26:13-46
86            android:exported="true"
86-->[com.google.firebase:firebase-auth:16.1.0] AndroidManifest.xml:27:13-36
87            android:launchMode="singleTask"
87-->[com.google.firebase:firebase-auth:16.1.0] AndroidManifest.xml:28:13-44
88            android:permission="com.google.firebase.auth.api.gms.permission.LAUNCH_FEDERATED_SIGN_IN"
88-->[com.google.firebase:firebase-auth:16.1.0] AndroidManifest.xml:29:13-102
89            android:theme="@android:style/Theme.Translucent.NoTitleBar" />
89-->[com.google.firebase:firebase-auth:16.1.0] AndroidManifest.xml:30:13-72
90
91        <service
91-->[com.google.firebase:firebase-auth:16.1.0] AndroidManifest.xml:33:9-39:19
92            android:name="com.google.firebase.components.ComponentDiscoveryService"
92-->[com.google.firebase:firebase-auth:16.1.0] AndroidManifest.xml:34:13-84
93            android:exported="false" >
93-->[com.google.firebase:firebase-auth:16.1.0] AndroidManifest.xml:35:13-37
94            <meta-data
94-->[com.google.firebase:firebase-auth:16.1.0] AndroidManifest.xml:36:13-38:85
95                android:name="com.google.firebase.components:com.google.firebase.auth.FirebaseAuthRegistrar"
95-->[com.google.firebase:firebase-auth:16.1.0] AndroidManifest.xml:37:17-109
96                android:value="com.google.firebase.components.ComponentRegistrar" />
96-->[com.google.firebase:firebase-auth:16.1.0] AndroidManifest.xml:38:17-82
97            <meta-data
97-->[com.google.firebase:firebase-firestore:17.1.5] AndroidManifest.xml:14:13-16:85
98                android:name="com.google.firebase.components:com.google.firebase.firestore.FirestoreRegistrar"
98-->[com.google.firebase:firebase-firestore:17.1.5] AndroidManifest.xml:15:17-111
99                android:value="com.google.firebase.components.ComponentRegistrar" />
99-->[com.google.firebase:firebase-firestore:17.1.5] AndroidManifest.xml:16:17-82
100        </service>
101
102        <activity
102-->[com.google.android.gms:play-services-base:16.0.1] AndroidManifest.xml:23:9-26:75
103            android:name="com.google.android.gms.common.api.GoogleApiActivity"
103-->[com.google.android.gms:play-services-base:16.0.1] AndroidManifest.xml:24:13-79
104            android:exported="false"
104-->[com.google.android.gms:play-services-base:16.0.1] AndroidManifest.xml:25:13-37
105            android:theme="@android:style/Theme.Translucent.NoTitleBar" />
105-->[com.google.android.gms:play-services-base:16.0.1] AndroidManifest.xml:26:13-72
106
107        <provider
107-->[com.google.firebase:firebase-common:16.0.4] AndroidManifest.xml:10:9-14:39
108            android:name="com.google.firebase.provider.FirebaseInitProvider"
108-->[com.google.firebase:firebase-common:16.0.4] AndroidManifest.xml:11:13-77
109            android:authorities="com.techbatu.firebaseinitprovider"
109-->[com.google.firebase:firebase-common:16.0.4] AndroidManifest.xml:12:13-72
110            android:exported="false"
110-->[com.google.firebase:firebase-common:16.0.4] AndroidManifest.xml:13:13-37
111            android:initOrder="100" /> <!-- Include the AdActivity and InAppPurchaseActivity configChanges and themes. -->
111-->[com.google.firebase:firebase-common:16.0.4] AndroidManifest.xml:14:13-36
112        <activity
112-->[com.google.android.gms:play-services-ads-lite:17.1.2] AndroidManifest.xml:29:9-33:64
113            android:name="com.google.android.gms.ads.AdActivity"
113-->[com.google.android.gms:play-services-ads-lite:17.1.2] AndroidManifest.xml:30:13-65
114            android:configChanges="keyboard|keyboardHidden|orientation|screenLayout|uiMode|screenSize|smallestScreenSize"
114-->[com.google.android.gms:play-services-ads-lite:17.1.2] AndroidManifest.xml:31:13-122
115            android:exported="false"
115-->[com.google.android.gms:play-services-ads-lite:17.1.2] AndroidManifest.xml:32:13-37
116            android:theme="@android:style/Theme.Translucent" />
116-->[com.google.android.gms:play-services-ads-lite:17.1.2] AndroidManifest.xml:33:13-61
117
118        <provider
118-->[com.google.android.gms:play-services-ads-lite:17.1.2] AndroidManifest.xml:35:9-39:39
119            android:name="com.google.android.gms.ads.MobileAdsInitProvider"
119-->[com.google.android.gms:play-services-ads-lite:17.1.2] AndroidManifest.xml:36:13-76
120            android:authorities="com.techbatu.mobileadsinitprovider"
120-->[com.google.android.gms:play-services-ads-lite:17.1.2] AndroidManifest.xml:37:13-73
121            android:exported="false"
121-->[com.google.android.gms:play-services-ads-lite:17.1.2] AndroidManifest.xml:38:13-37
122            android:initOrder="100" />
122-->[com.google.android.gms:play-services-ads-lite:17.1.2] AndroidManifest.xml:39:13-36
123
124        <meta-data
124-->[com.google.android.gms:play-services-basement:16.1.0] AndroidManifest.xml:23:9-25:69
125            android:name="com.google.android.gms.version"
125-->[com.google.android.gms:play-services-basement:16.1.0] AndroidManifest.xml:24:13-58
126            android:value="@integer/google_play_services_version" />
126-->[com.google.android.gms:play-services-basement:16.1.0] AndroidManifest.xml:25:13-66
127        <meta-data
127-->[com.android.support:customtabs:26.1.0] AndroidManifest.xml:23:9-25:38
128            android:name="android.support.VERSION"
128-->[com.android.support:customtabs:26.1.0] AndroidManifest.xml:24:13-51
129            android:value="26.1.0" />
129-->[com.android.support:customtabs:26.1.0] AndroidManifest.xml:25:13-35
130    </application>
131
132</manifest>